<?xml version="1.0" encoding="UTF-8"?>
<testng-results skipped="0" failed="0" ignored="0" total="1" passed="1">
  <reporter-output>
  </reporter-output>
  <suite name="Default suite" duration-ms="50213" started-at="2019-02-04T10:23:48Z" finished-at="2019-02-04T10:24:39Z">
    <groups>
    </groups>
    <test name="Default test" duration-ms="50213" started-at="2019-02-04T10:23:48Z" finished-at="2019-02-04T10:24:39Z">
      <class name="FirstClass">
        <test-method status="PASS" signature="Method1()[pri:0, instance:FirstClass@26a7b76d]" name="Method1" duration-ms="50193" started-at="2019-02-04T10:23:48Z" finished-at="2019-02-04T10:24:39Z">
          <reporter-output>
          </reporter-output>
        </test-method> <!-- Method1 -->
      </class> <!-- FirstClass -->
    </test> <!-- Default test -->
  </suite> <!-- Default suite -->
</testng-results>
